[2017-02-22 16:31:50] logger.INFO: Response from wit ai:  [] []
[2017-02-22 16:31:50] logger.INFO: Failed to connect to api.wit.ai port 443: Operation timed out (7) [] []
[2017-02-22 16:31:50] logger.INFO: received request in chatbot application [] []
[2017-02-22 16:31:50] logger.INFO: Request to wit is: https://api.wit.ai/message?v=20170131&q=hi [] []
[2017-02-22 16:33:05] logger.INFO: Response from wit ai:  [] []
[2017-02-22 16:33:05] logger.INFO: Failed to connect to api.wit.ai port 443: Operation timed out (7) [] []
[2017-02-22 17:29:11] logger.INFO: received request in chatbot application [] []
[2017-02-22 17:29:11] logger.INFO: Request to wit is: https://api.wit.ai/message?v=20170131&q=hi [] []
[2017-02-22 17:29:11] logger.INFO: Response from wit ai: {
						  "msg_id" : "db45082c-9311-4fd5-b684-4803c5bd6568",
						  "_text" : "hello",
						  "entities" : {
						    "contact" : [ {
						      "confidence" : 0.7306822444917643,
						      "type" : "value",
						      "value" : "fox",
						      "suggested" : true
						    } ],
						    "intent" : [ {
						      "confidence" : 0.9782772967406987,
						      "value" : "greeting"
						    } ]
						  }
						} [] []
[2017-02-22 17:29:11] logger.INFO: received request in chatbot application [] []
[2017-02-22 17:29:11] logger.INFO: Request to wit is: https://api.wit.ai/message?v=20170131&q=hi [] []
[2017-02-22 17:29:11] logger.INFO: Response from wit ai: {
						  "msg_id" : "db45082c-9311-4fd5-b684-4803c5bd6568",
						  "_text" : "hello",
						  "entities" : {
						    "contact" : [ {
						      "confidence" : 0.7306822444917643,
						      "type" : "value",
						      "value" : "fox",
						      "suggested" : true
						    } ],
						    "intent" : [ {
						      "confidence" : 0.9782772967406987,
						      "value" : "greeting"
						    } ]
						  }
						} [] []
[2017-02-22 17:29:29] logger.INFO: received request in chatbot application [] []
[2017-02-22 17:29:29] logger.INFO: Request to wit is: https://api.wit.ai/message?v=20170131&q=hi [] []
[2017-02-22 17:29:29] logger.INFO: Response from wit ai: {
						  "msg_id" : "db45082c-9311-4fd5-b684-4803c5bd6568",
						  "_text" : "hello",
						  "entities" : {
						    "contact" : [ {
						      "confidence" : 0.7306822444917643,
						      "type" : "value",
						      "value" : "fox",
						      "suggested" : true
						    } ],
						    "intent" : [ {
						      "confidence" : 0.9782772967406987,
						      "value" : "greeting"
						    } ]
						  }
						} [] []
[2017-02-22 17:29:29] logger.INFO: received request in chatbot application [] []
[2017-02-22 17:29:29] logger.INFO: Request to wit is: https://api.wit.ai/message?v=20170131&q=hi [] []
[2017-02-22 17:29:29] logger.INFO: Response from wit ai: {
						  "msg_id" : "db45082c-9311-4fd5-b684-4803c5bd6568",
						  "_text" : "hello",
						  "entities" : {
						    "contact" : [ {
						      "confidence" : 0.7306822444917643,
						      "type" : "value",
						      "value" : "fox",
						      "suggested" : true
						    } ],
						    "intent" : [ {
						      "confidence" : 0.9782772967406987,
						      "value" : "greeting"
						    } ]
						  }
						} [] []
[2017-02-22 17:29:52] logger.INFO: received request in chatbot application [] []
[2017-02-22 17:29:52] logger.INFO: Request to wit is: https://api.wit.ai/message?v=20170131&q=hi [] []
[2017-02-22 17:29:52] logger.INFO: Response from wit ai: {
						  "msg_id" : "db45082c-9311-4fd5-b684-4803c5bd6568",
						  "_text" : "hello",
						  "entities" : {
						    "contact" : [ {
						      "confidence" : 0.7306822444917643,
						      "type" : "value",
						      "value" : "fox",
						      "suggested" : true
						    } ],
						    "intent" : [ {
						      "confidence" : 0.9782772967406987,
						      "value" : "greeting"
						    } ]
						  }
						} [] []
[2017-02-22 17:29:52] logger.INFO: received request in chatbot application [] []
[2017-02-22 17:29:52] logger.INFO: Request to wit is: https://api.wit.ai/message?v=20170131&q=hi [] []
[2017-02-22 17:29:52] logger.INFO: Response from wit ai: {
						  "msg_id" : "db45082c-9311-4fd5-b684-4803c5bd6568",
						  "_text" : "hello",
						  "entities" : {
						    "contact" : [ {
						      "confidence" : 0.7306822444917643,
						      "type" : "value",
						      "value" : "fox",
						      "suggested" : true
						    } ],
						    "intent" : [ {
						      "confidence" : 0.9782772967406987,
						      "value" : "greeting"
						    } ]
						  }
						} [] []
[2017-02-22 17:30:36] logger.INFO: received request in chatbot application [] []
[2017-02-22 17:30:36] logger.INFO: Request to wit is: https://api.wit.ai/message?v=20170131&q=hi [] []
[2017-02-22 17:31:52] logger.INFO: Response from wit ai:  [] []
[2017-02-22 17:31:52] logger.INFO: Failed to connect to api.wit.ai port 443: Operation timed out (7) [] []
[2017-02-22 17:31:52] logger.INFO: received request in chatbot application [] []
[2017-02-22 17:31:52] logger.INFO: Request to wit is: https://api.wit.ai/message?v=20170131&q=hi [] []
[2017-02-22 17:33:08] logger.INFO: Response from wit ai:  [] []
[2017-02-22 17:33:08] logger.INFO: Failed to connect to api.wit.ai port 443: Operation timed out (7) [] []
[2017-02-22 17:47:42] logger.INFO: received request in chatbot application [] []
[2017-02-22 17:47:42] logger.INFO: Request to wit is: https://api.wit.ai/message?v=20170131&q=hi [] []
[2017-02-22 17:48:57] logger.INFO: Response from wit ai:  [] []
[2017-02-22 17:48:57] logger.INFO: Failed to connect to api.wit.ai port 443: Operation timed out (7) [] []
[2017-02-22 17:48:57] logger.INFO: received request in chatbot application [] []
[2017-02-22 17:48:57] logger.INFO: Request to wit is: https://api.wit.ai/message?v=20170131&q=hi [] []
[2017-02-22 17:50:04] logger.INFO: received request in chatbot application [] []
[2017-02-22 17:50:04] logger.INFO: Request to wit is: https://api.wit.ai/message?v=20170131&q=hi [] []
[2017-02-22 17:50:06] logger.INFO: Response from wit ai: {
  "msg_id" : "e25982f7-cccb-45fe-a1ac-c597d583a679",
  "_text" : "hi",
  "entities" : {
    "local_search_query" : [ {
      "confidence" : 0.6338289288102668,
      "type" : "value",
      "value" : "hi",
      "suggested" : true
    } ],
    "intent" : [ {
      "confidence" : 0.9112908224322585,
      "value" : "greeting"
    } ]
  }
} [] []
[2017-02-22 17:50:06] logger.INFO: DB error: No response template found for: greeting_local_search_query [] []
[2017-02-22 17:50:06] logger.INFO: received request in chatbot application [] []
[2017-02-22 17:50:06] logger.INFO: Request to wit is: https://api.wit.ai/message?v=20170131&q=hi [] []
[2017-02-22 17:50:08] logger.INFO: Response from wit ai: {
  "msg_id" : "3a859f7d-4fef-465b-82c6-e792fffa1c00",
  "_text" : "hi",
  "entities" : {
    "local_search_query" : [ {
      "confidence" : 0.6338289288102668,
      "type" : "value",
      "value" : "hi",
      "suggested" : true
    } ],
    "intent" : [ {
      "confidence" : 0.9112908224322585,
      "value" : "greeting"
    } ]
  }
} [] []
[2017-02-22 17:50:08] logger.INFO: DB error: No response template found for: greeting_local_search_query [] []
[2017-02-22 17:50:12] logger.INFO: Response from wit ai:  [] []
[2017-02-22 17:50:12] logger.INFO: Failed to connect to api.wit.ai port 443: Operation timed out (7) [] []
[2017-02-22 17:56:22] logger.INFO: received request in chatbot application [] []
[2017-02-22 17:56:22] logger.INFO: Request to wit is: https://api.wit.ai/message?v=20170131&q=hi [] []
[2017-02-22 17:56:23] logger.INFO: Response from wit ai: {
  "msg_id" : "79741782-3de4-41ca-af1f-71d31989f85d",
  "_text" : "hi",
  "entities" : {
    "intent" : [ {
      "confidence" : 0.911251228257926,
      "value" : "greeting"
    } ]
  }
} [] []
[2017-02-22 17:56:24] logger.INFO: received request in chatbot application [] []
[2017-02-22 17:56:24] logger.INFO: Request to wit is: https://api.wit.ai/message?v=20170131&q=hi [] []
[2017-02-22 17:56:25] logger.INFO: Response from wit ai: {
  "msg_id" : "8c731884-edbd-4a0f-85a1-1efb8f0088b4",
  "_text" : "hi",
  "entities" : {
    "intent" : [ {
      "confidence" : 0.911251228257926,
      "value" : "greeting"
    } ]
  }
} [] []
[2017-02-23 13:59:20] logger.INFO: received request in chatbot application [] []
[2017-02-23 13:59:20] logger.INFO: Request to wit is: https://api.wit.ai/message?v=20170131&q=I+need+to+go+to+9+Dundee+rd+Eastlea+from+town [] []
[2017-02-23 13:59:22] logger.INFO: Response from wit ai: {
  "msg_id" : "757c91ed-fd9d-4cb6-bf7f-b22726df84ac",
  "_text" : "I need to go to 9 Dundee rd Eastlea from town",
  "entities" : {
    "contact" : [ {
      "confidence" : 0.9648512254789224,
      "type" : "value",
      "value" : "I",
      "suggested" : true
    } ],
    "destination" : [ {
      "confidence" : 0.9516947481939682,
      "type" : "value",
      "value" : "9 Dundee rd Eastlea",
      "suggested" : true
    } ],
    "pickup" : [ {
      "confidence" : 0.617502456650888,
      "type" : "value",
      "value" : "town",
      "suggested" : true
    } ],
    "intent" : [ {
      "confidence" : 0.9999412819472122,
      "value" : "taxi_request"
    } ]
  }
} [] []
[2017-02-23 13:59:22] logger.INFO: DB error: No response template found for: taxi_request [] []
[2017-02-23 13:59:22] logger.INFO: received request in chatbot application [] []
[2017-02-23 13:59:22] logger.INFO: Request to wit is: https://api.wit.ai/message?v=20170131&q=I+need+to+go+to+9+Dundee+rd+Eastlea+from+town [] []
[2017-02-23 13:59:23] logger.INFO: Response from wit ai: {
  "msg_id" : "5bf6f3c3-3777-4613-9f07-b704a8a3b6fb",
  "_text" : "I need to go to 9 Dundee rd Eastlea from town",
  "entities" : {
    "contact" : [ {
      "confidence" : 0.9648512254789224,
      "type" : "value",
      "value" : "I",
      "suggested" : true
    } ],
    "destination" : [ {
      "confidence" : 0.9516947481939682,
      "type" : "value",
      "value" : "9 Dundee rd Eastlea",
      "suggested" : true
    } ],
    "pickup" : [ {
      "confidence" : 0.617502456650888,
      "type" : "value",
      "value" : "town",
      "suggested" : true
    } ],
    "intent" : [ {
      "confidence" : 0.9999412819472122,
      "value" : "taxi_request"
    } ]
  }
} [] []
[2017-02-23 13:59:23] logger.INFO: DB error: No response template found for: taxi_request [] []
[2017-02-23 14:41:55] logger.INFO: received request in chatbot application [] []
[2017-02-23 14:41:55] logger.INFO: Request to wit is: https://api.wit.ai/message?v=20170131&q=I+need+to+go+to+9+Dundee+rd+Eastlea+from+town [] []
[2017-02-23 14:41:57] logger.INFO: Response from wit ai: {
  "msg_id" : "db48418e-1f46-4160-96b8-8feb2cb95ea6",
  "_text" : "I need to go to 9 Dundee rd Eastlea from town",
  "entities" : {
    "contact" : [ {
      "confidence" : 0.9752747008407544,
      "type" : "value",
      "value" : "I",
      "suggested" : true
    } ],
    "destination" : [ {
      "confidence" : 0.9516947481939682,
      "type" : "value",
      "value" : "9 Dundee rd Eastlea",
      "suggested" : true
    } ],
    "pickup" : [ {
      "confidence" : 0.617502456650888,
      "type" : "value",
      "value" : "town",
      "suggested" : true
    } ],
    "intent" : [ {
      "confidence" : 0.9999412819472122,
      "value" : "taxi_request"
    } ]
  }
} [] []
[2017-02-23 14:41:57] logger.INFO: DB error: No response template found for: taxi_request [] []
[2017-02-23 14:41:57] logger.INFO: received request in chatbot application [] []
[2017-02-23 14:41:57] logger.INFO: Request to wit is: https://api.wit.ai/message?v=20170131&q=I+need+to+go+to+9+Dundee+rd+Eastlea+from+town [] []
[2017-02-23 14:41:58] logger.INFO: Response from wit ai: {
  "msg_id" : "5bb0bb88-3d6e-4d01-8ac1-acd01cc8e231",
  "_text" : "I need to go to 9 Dundee rd Eastlea from town",
  "entities" : {
    "contact" : [ {
      "confidence" : 0.9752747008407544,
      "type" : "value",
      "value" : "I",
      "suggested" : true
    } ],
    "destination" : [ {
      "confidence" : 0.9516947481939682,
      "type" : "value",
      "value" : "9 Dundee rd Eastlea",
      "suggested" : true
    } ],
    "pickup" : [ {
      "confidence" : 0.617502456650888,
      "type" : "value",
      "value" : "town",
      "suggested" : true
    } ],
    "intent" : [ {
      "confidence" : 0.9999412819472122,
      "value" : "taxi_request"
    } ]
  }
} [] []
[2017-02-23 14:41:58] logger.INFO: DB error: No response template found for: taxi_request [] []
